2017-06-17T19:36:24.314+0700 I CONTROL  [main] Trying to start Windows service 'MongoDB'
2017-06-17T19:36:24.317+0700 I CONTROL  [initandlisten] MongoDB starting : pid=2288 port=27017 dbpath=D:\Project\Go\studenthack_api\studenthack 64-bit host=Laper
2017-06-17T19:36:24.317+0700 I CONTROL  [initandlisten] targetMinOS: Windows 7/Windows Server 2008 R2
2017-06-17T19:36:24.318+0700 I CONTROL  [initandlisten] db version v3.4.4
2017-06-17T19:36:24.318+0700 I CONTROL  [initandlisten] git version: 888390515874a9debd1b6c5d36559ca86b44babd
2017-06-17T19:36:24.318+0700 I CONTROL  [initandlisten] OpenSSL version: OpenSSL 1.0.1u-fips  22 Sep 2016
2017-06-17T19:36:24.319+0700 I CONTROL  [initandlisten] allocator: tcmalloc
2017-06-17T19:36:24.319+0700 I CONTROL  [initandlisten] modules: none
2017-06-17T19:36:24.320+0700 I CONTROL  [initandlisten] build environment:
2017-06-17T19:36:24.320+0700 I CONTROL  [initandlisten]     distmod: 2008plus-ssl
2017-06-17T19:36:24.320+0700 I CONTROL  [initandlisten]     distarch: x86_64
2017-06-17T19:36:24.320+0700 I CONTROL  [initandlisten]     target_arch: x86_64
2017-06-17T19:36:24.320+0700 I CONTROL  [initandlisten] options: { config: "C:\MongoDB\Server\3.4\bin\mongod.cfg", service: true, storage: { dbPath: "D:\Project\Go\studenthack_api\studenthack" }, systemLog: { destination: "file", path: "D:\Project\Go\studenthack_api\studenthack\mongod.log" } }
2017-06-17T19:36:24.321+0700 W -        [initandlisten] Detected unclean shutdown - D:\Project\Go\studenthack_api\studenthack\mongod.lock is not empty.
2017-06-17T19:36:24.335+0700 I -        [initandlisten] Detected data files in D:\Project\Go\studenthack_api\studenthack created by the 'wiredTiger' storage engine, so setting the active storage engine to 'wiredTiger'.
2017-06-17T19:36:24.335+0700 W STORAGE  [initandlisten] Recovering data from the last clean checkpoint.
2017-06-17T19:36:24.336+0700 I STORAGE  [initandlisten] wiredtiger_open config: create,cache_size=3515M,session_max=20000,eviction=(threads_min=4,threads_max=4),config_base=false,statistics=(fast),log=(enabled=true,archive=true,path=journal,compressor=snappy),file_manager=(close_idle_time=100000),checkpoint=(wait=60,log_size=2GB),statistics_log=(wait=0),
2017-06-17T19:36:27.493+0700 I CONTROL  [initandlisten] 
2017-06-17T19:36:27.493+0700 I CONTROL  [initandlisten] ** WARNING: Access control is not enabled for the database.
2017-06-17T19:36:27.493+0700 I CONTROL  [initandlisten] **          Read and write access to data and configuration is unrestricted.
2017-06-17T19:36:27.493+0700 I CONTROL  [initandlisten] 
2017-06-17T19:36:34.526+0700 I FTDC     [initandlisten] Initializing full-time diagnostic data capture with directory 'D:/Project/Go/studenthack_api/studenthack/diagnostic.data'
2017-06-17T19:36:34.527+0700 I STORAGE  [initandlisten] Service running
2017-06-17T19:36:34.527+0700 I NETWORK  [thread1] waiting for connections on port 27017
2017-06-17T19:36:35.105+0700 I FTDC     [ftdc] Unclean full-time diagnostic data capture shutdown detected, found interim file, some metrics may have been lost. OK
2017-06-27T17:29:09.601+0700 I CONTROL  [serviceShutdown] got SERVICE_CONTROL_STOP request from Windows Service Control Manager, will terminate after current cmd ends
2017-06-27T17:29:09.732+0700 I NETWORK  [serviceShutdown] shutdown: going to close listening sockets...
2017-06-27T17:29:09.761+0700 I NETWORK  [serviceShutdown] closing listening socket: 544
2017-06-27T17:29:09.761+0700 I NETWORK  [serviceShutdown] shutdown: going to flush diaglog...
2017-06-27T17:29:09.783+0700 I FTDC     [serviceShutdown] Shutting down full-time diagnostic data capture
2017-06-27T17:29:09.880+0700 I STORAGE  [serviceShutdown] WiredTigerKVEngine shutting down
2017-06-27T17:29:10.340+0700 I STORAGE  [serviceShutdown] shutdown: removing fs lock...
2017-06-27T17:29:10.354+0700 I CONTROL  [serviceShutdown] now exiting
